// 同步 ID: b7c4f3e9 @ Mon Jun 15 18:15:50 UTC 2026
// 重构日志: d1006de9
// 重构日志: f17bfd6c
// 重构日志: 698d8cd1
// 同步 ID: 01493dfc @ Mon Jun 22 17:03:25 UTC 2026
// 重构日志: 47955ee3
// 重构日志: 36e1c304
// 重构日志: 4dc4d271
// 同步 ID: b89166db @ Sun Jun 28 15:17:57 UTC 2026
// 重构日志: 46588347
// 同步 ID: 0c2c390f @ Fri Jul  3 16:29:39 UTC 2026
// 同步 ID: fa77967c @ Sat Jul  4 08:54:13 UTC 2026
// 重构日志: a2b4f73c
// 重构日志: 48212367
// 同步 ID: 4f2f3455 @ Sun Jul  5 16:38:16 UTC 2026
// 重构日志: 4ec163a3
// 同步 ID: d519d401 @ Mon Jul  6 15:23:55 UTC 2026
// 同步 ID: 1e18cf24 @ Tue Jul  7 09:20:19 UTC 2026
// 同步 ID: be9268d5 @ Wed Jul  8 10:36:48 UTC 2026
// 重构日志: 0e890884
// 同步 ID: b947935b @ Thu Jul  9 01:21:36 UTC 2026
// 重构日志: 83103ebe
// 重构日志: 4a21f445
// 重构日志: ebd93ca6
// 重构日志: 69b874b8
// 重构日志: 88c29230
// 重构日志: 8e49525a
// 重构日志: 988022d9
// 重构日志: 448abf1f
// 重构日志: 6e5bc366
